<?xml version="1.0" encoding="UTF-8"?>
<!-- Generated by org.testng.reporters.JUnitReportReporter -->
<testsuite hostname="SHIV-SHAMBHOC-M" failures="0" tests="1" name="BacicHTTPRequests.Ex1_getrequst" time="2.347" errors="0" timestamp="2024-08-12T19:54:42 IST" skipped="0">
  <testcase classname="BacicHTTPRequests.Ex1_getrequst" name="getrequest" time="2.347"/>
  <system-out/>
</testsuite> <!-- BacicHTTPRequests.Ex1_getrequst -->
