<?xml version="1.0" encoding="UTF-8"?>
<!-- Generated by org.testng.reporters.JUnitReportReporter -->
<testsuite hostname="SHIV-SHAMBHOC-M" failures="0" tests="1" name="BacicHTTPRequests.getRequest_invalidid" time="1.690" errors="0" timestamp="2024-08-12T20:08:33 IST" skipped="0">
  <testcase classname="BacicHTTPRequests.getRequest_invalidid" name="getRequest_inValidId" time="1.690"/>
  <system-out/>
</testsuite> <!-- BacicHTTPRequests.getRequest_invalidid -->
